# JRE version: OpenJDK Runtime Environment Temurin-19.0.2+7 (19.0.2+7) (build 19.0.2+7)
# Java VM: OpenJDK 64-Bit Server VM Temurin-19.0.2+7 (19.0.2+7, mixed mode, tiered, compressed oops, compressed class ptrs, g1 gc, windows-amd64)
GC Precious Log:
 CardTable entry size: 512
 Card Set container configuration: InlinePtr #cards 5 size 8 Array Of Cards #cards 12 size 40 Howl #buckets 4 coarsen threshold 1843 Howl Bitmap #cards 512 size 80 coarsen threshold 460 Card regions per heap region 1 cards per card region 2048
 CPUs: 8 total, 8 available
 Memory: 8072M
 Large Page Support: Disabled
 NUMA Support: Disabled
 Compressed Oops: Enabled (32-bit)
 Heap Region Size: 1M
 Heap Min Capacity: 8M
 Heap Initial Capacity: 128M
 Heap Max Capacity: 2020M
 Pre-touch: Disabled
 Parallel Workers: 8
 Concurrent Workers: 2
 Concurrent Refinement Workers: 8
 Periodic GC: Disabled
Heap:
 garbage-first heap   total 37888K, used 23064K [0x0000000081c00000, 0x0000000100000000)
  region size 1024K, 2 young (2048K), 1 survivors (1024K)
 Metaspace       used 28104K, committed 28480K, reserved 1114112K
  class space    used 3573K, committed 3776K, reserved 1048576K
GC Heap History (20 events):
Event: 1.174 GC heap before
{Heap before GC invocations=0 (full 0):
 garbage-first heap   total 131072K, used 22528K [0x0000000081c00000, 0x0000000100000000)
  region size 1024K, 23 young (23552K), 0 survivors (0K)
 Metaspace       used 13991K, committed 14208K, reserved 1114112K
  class space    used 1424K, committed 1536K, reserved 1048576K
}
Event: 1.179 GC heap after
{Heap after GC invocations=1 (full 0):
 garbage-first heap   total 131072K, used 3440K [0x0000000081c00000, 0x0000000100000000)
  region size 1024K, 3 young (3072K), 3 survivors (3072K)
 Metaspace       used 13991K, committed 14208K, reserved 1114112K
  class space    used 1424K, committed 1536K, reserved 1048576K
}
Event: 2.126 GC heap before
{Heap before GC invocations=1 (full 0):
 garbage-first heap   total 131072K, used 34160K [0x0000000081c00000, 0x0000000100000000)
  region size 1024K, 34 young (34816K), 3 survivors (3072K)
 Metaspace       used 21190K, committed 21504K, reserved 1114112K
  class space    used 2652K, committed 2816K, reserved 1048576K
}
Event: 2.134 GC heap after
{Heap after GC invocations=2 (full 0):
 garbage-first heap   total 131072K, used 6837K [0x0000000081c00000, 0x0000000100000000)
  region size 1024K, 4 young (4096K), 4 survivors (4096K)
 Metaspace       used 21190K, committed 21504K, reserved 1114112K
  class space    used 2652K, committed 2816K, reserved 1048576K
}
Event: 2.809 GC heap before
{Heap before GC invocations=3 (full 0):
 garbage-first heap   total 30720K, used 21173K [0x0000000081c00000, 0x0000000100000000)
  region size 1024K, 18 young (18432K), 4 survivors (4096K)
 Metaspace       used 23838K, committed 24128K, reserved 1114112K
  class space    used 3184K, committed 3328K, reserved 1048576K
}
Event: 2.819 GC heap after
{Heap after GC invocations=4 (full 0):
 garbage-first heap   total 30720K, used 9311K [0x0000000081c00000, 0x0000000100000000)
  region size 1024K, 3 young (3072K), 3 survivors (3072K)
 Metaspace       used 23838K, committed 24128K, reserved 1114112K
  class space    used 3184K, committed 3328K, reserved 1048576K
}
Event: 2.851 GC heap before
{Heap before GC invocations=4 (full 0):
 garbage-first heap   total 30720K, used 9311K [0x0000000081c00000, 0x0000000100000000)
  region size 1024K, 4 young (4096K), 3 survivors (3072K)
 Metaspace       used 24156K, committed 24448K, reserved 1114112K
  class space    used 3210K, committed 3328K, reserved 1048576K
}
Event: 2.855 GC heap after
{Heap after GC invocations=5 (full 0):
 garbage-first heap   total 30720K, used 9699K [0x0000000081c00000, 0x0000000100000000)
  region size 1024K, 1 young (1024K), 1 survivors (1024K)
 Metaspace       used 24156K, committed 24448K, reserved 1114112K
  class space    used 3210K, committed 3328K, reserved 1048576K
}
Event: 6.794 GC heap before
{Heap before GC invocations=5 (full 0):
 garbage-first heap   total 30720K, used 17891K [0x0000000081c00000, 0x0000000100000000)
  region size 1024K, 6 young (6144K), 1 survivors (1024K)
 Metaspace       used 25799K, committed 26112K, reserved 1114112K
  class space    used 3424K, committed 3584K, reserved 1048576K
}
Event: 6.796 GC heap after
{Heap after GC invocations=6 (full 0):
 garbage-first heap   total 30720K, used 14304K [0x0000000081c00000, 0x0000000100000000)
  region size 1024K, 1 young (1024K), 1 survivors (1024K)
 Metaspace       used 25799K, committed 26112K, reserved 1114112K
  class space    used 3424K, committed 3584K, reserved 1048576K
}
Event: 8.922 GC heap before
{Heap before GC invocations=6 (full 0):
 garbage-first heap   total 30720K, used 23520K [0x0000000081c00000, 0x0000000100000000)
  region size 1024K, 8 young (8192K), 1 survivors (1024K)
 Metaspace       used 26710K, committed 27072K, reserved 1114112K
  class space    used 3504K, committed 3648K, reserved 1048576K
}
Event: 8.927 GC heap after
{Heap after GC invocations=7 (full 0):
 garbage-first heap   total 30720K, used 14445K [0x0000000081c00000, 0x0000000100000000)
  region size 1024K, 1 young (1024K), 1 survivors (1024K)
 Metaspace       used 26710K, committed 27072K, reserved 1114112K
  class space    used 3504K, committed 3648K, reserved 1048576K
}
Event: 28.283 GC heap before
{Heap before GC invocations=7 (full 0):
 garbage-first heap   total 30720K, used 16493K [0x0000000081c00000, 0x0000000100000000)
  region size 1024K, 5 young (5120K), 1 survivors (1024K)
 Metaspace       used 27699K, committed 28096K, reserved 1114112K
  class space    used 3567K, committed 3776K, reserved 1048576K
}
Event: 28.286 GC heap after
{Heap after GC invocations=8 (full 0):
 garbage-first heap   total 30720K, used 15204K [0x0000000081c00000, 0x0000000100000000)
  region size 1024K, 1 young (1024K), 1 survivors (1024K)
 Metaspace       used 27699K, committed 28096K, reserved 1114112K
  class space    used 3567K, committed 3776K, reserved 1048576K
}
Event: 39.200 GC heap before
{Heap before GC invocations=9 (full 0):
 garbage-first heap   total 32768K, used 25444K [0x0000000081c00000, 0x0000000100000000)
  region size 1024K, 7 young (7168K), 1 survivors (1024K)
 Metaspace       used 27948K, committed 28352K, reserved 1114112K
  class space    used 3573K, committed 3776K, reserved 1048576K
}
Event: 39.204 GC heap after
{Heap after GC invocations=10 (full 0):
 garbage-first heap   total 32768K, used 17019K [0x0000000081c00000, 0x0000000100000000)
  region size 1024K, 1 young (1024K), 1 survivors (1024K)
 Metaspace       used 27948K, committed 28352K, reserved 1114112K
  class space    used 3573K, committed 3776K, reserved 1048576K
}
Event: 40.717 GC heap before
{Heap before GC invocations=10 (full 0):
 garbage-first heap   total 32768K, used 22139K [0x0000000081c00000, 0x0000000100000000)
  region size 1024K, 2 young (2048K), 1 survivors (1024K)
 Metaspace       used 27971K, committed 28352K, reserved 1114112K
  class space    used 3573K, committed 3776K, reserved 1048576K
}
Event: 40.721 GC heap after
{Heap after GC invocations=11 (full 0):
 garbage-first heap   total 32768K, used 17168K [0x0000000081c00000, 0x0000000100000000)
  region size 1024K, 1 young (1024K), 1 survivors (1024K)
 Metaspace       used 27971K, committed 28352K, reserved 1114112K
  class space    used 3573K, committed 3776K, reserved 1048576K
}
Event: 46.866 GC heap before
{Heap before GC invocations=11 (full 0):
 garbage-first heap   total 32768K, used 21264K [0x0000000081c00000, 0x0000000100000000)
  region size 1024K, 6 young (6144K), 1 survivors (1024K)
 Metaspace       used 28089K, committed 28480K, reserved 1114112K
  class space    used 3573K, committed 3776K, reserved 1048576K
}
Event: 46.869 GC heap after
{Heap after GC invocations=12 (full 0):
 garbage-first heap   total 32768K, used 18968K [0x0000000081c00000, 0x0000000100000000)
  region size 1024K, 1 young (1024K), 1 survivors (1024K)
 Metaspace       used 28089K, committed 28480K, reserved 1114112K
  class space    used 3573K, committed 3776K, reserved 1048576K
}

