# JRE version: OpenJDK Runtime Environment Temurin-19.0.2+7 (19.0.2+7) (build 19.0.2+7)
# Java VM: OpenJDK 64-Bit Server VM Temurin-19.0.2+7 (19.0.2+7, mixed mode, tiered, compressed oops, compressed class ptrs, g1 gc, windows-amd64)
GC Precious Log:
 CardTable entry size: 512
 Card Set container configuration: InlinePtr #cards 5 size 8 Array Of Cards #cards 12 size 40 Howl #buckets 4 coarsen threshold 1843 Howl Bitmap #cards 512 size 80 coarsen threshold 460 Card regions per heap region 1 cards per card region 2048
 CPUs: 8 total, 8 available
 Memory: 8072M
 Large Page Support: Disabled
 NUMA Support: Disabled
 Compressed Oops: Enabled (32-bit)
 Heap Region Size: 1M
 Heap Min Capacity: 8M
 Heap Initial Capacity: 128M
 Heap Max Capacity: 2020M
 Pre-touch: Disabled
 Parallel Workers: 8
 Concurrent Workers: 2
 Concurrent Refinement Workers: 8
 Periodic GC: Disabled
Heap:
 garbage-first heap   total 31744K, used 14289K [0x0000000081c00000, 0x0000000100000000)
  region size 1024K, 5 young (5120K), 2 survivors (2048K)
 Metaspace       used 26425K, committed 26816K, reserved 1114112K
  class space    used 3457K, committed 3648K, reserved 1048576K
GC Heap History (10 events):
Event: 1.114 GC heap before
{Heap before GC invocations=0 (full 0):
 garbage-first heap   total 131072K, used 22528K [0x0000000081c00000, 0x0000000100000000)
  region size 1024K, 23 young (23552K), 0 survivors (0K)
 Metaspace       used 13981K, committed 14208K, reserved 1114112K
  class space    used 1418K, committed 1536K, reserved 1048576K
}
Event: 1.118 GC heap after
{Heap after GC invocations=1 (full 0):
 garbage-first heap   total 131072K, used 3189K [0x0000000081c00000, 0x0000000100000000)
  region size 1024K, 3 young (3072K), 3 survivors (3072K)
 Metaspace       used 13981K, committed 14208K, reserved 1114112K
  class space    used 1418K, committed 1536K, reserved 1048576K
}
Event: 1.966 GC heap before
{Heap before GC invocations=1 (full 0):
 garbage-first heap   total 131072K, used 29813K [0x0000000081c00000, 0x0000000100000000)
  region size 1024K, 30 young (30720K), 3 survivors (3072K)
 Metaspace       used 21195K, committed 21504K, reserved 1114112K
  class space    used 2687K, committed 2880K, reserved 1048576K
}
Event: 1.974 GC heap after
{Heap after GC invocations=2 (full 0):
 garbage-first heap   total 131072K, used 6585K [0x0000000081c00000, 0x0000000100000000)
  region size 1024K, 4 young (4096K), 4 survivors (4096K)
 Metaspace       used 21195K, committed 21504K, reserved 1114112K
  class space    used 2687K, committed 2880K, reserved 1048576K
}
Event: 5.696 GC heap before
{Heap before GC invocations=3 (full 0):
 garbage-first heap   total 30720K, used 22969K [0x0000000081c00000, 0x0000000100000000)
  region size 1024K, 18 young (18432K), 4 survivors (4096K)
 Metaspace       used 24154K, committed 24448K, reserved 1114112K
  class space    used 3181K, committed 3328K, reserved 1048576K
}
Event: 5.704 GC heap after
{Heap after GC invocations=4 (full 0):
 garbage-first heap   total 31744K, used 11355K [0x0000000081c00000, 0x0000000100000000)
  region size 1024K, 3 young (3072K), 3 survivors (3072K)
 Metaspace       used 24154K, committed 24448K, reserved 1114112K
  class space    used 3181K, committed 3328K, reserved 1048576K
}
Event: 6.263 GC heap before
{Heap before GC invocations=4 (full 0):
 garbage-first heap   total 31744K, used 12379K [0x0000000081c00000, 0x0000000100000000)
  region size 1024K, 4 young (4096K), 3 survivors (3072K)
 Metaspace       used 24489K, committed 24768K, reserved 1114112K
  class space    used 3213K, committed 3328K, reserved 1048576K
}
Event: 6.266 GC heap after
{Heap after GC invocations=5 (full 0):
 garbage-first heap   total 31744K, used 12261K [0x0000000081c00000, 0x0000000100000000)
  region size 1024K, 1 young (1024K), 1 survivors (1024K)
 Metaspace       used 24489K, committed 24768K, reserved 1114112K
  class space    used 3213K, committed 3328K, reserved 1048576K
}
Event: 22.910 GC heap before
{Heap before GC invocations=5 (full 0):
 garbage-first heap   total 31744K, used 19429K [0x0000000081c00000, 0x0000000100000000)
  region size 1024K, 9 young (9216K), 1 survivors (1024K)
 Metaspace       used 26099K, committed 26432K, reserved 1114112K
  class space    used 3426K, committed 3584K, reserved 1048576K
}
Event: 22.914 GC heap after
{Heap after GC invocations=6 (full 0):
 garbage-first heap   total 31744K, used 13265K [0x0000000081c00000, 0x0000000100000000)
  region size 1024K, 2 young (2048K), 2 survivors (2048K)
 Metaspace       used 26099K, committed 26432K, reserved 1114112K
  class space    used 3426K, committed 3584K, reserved 1048576K
}

# JRE version: OpenJDK Runtime Environment Temurin-19.0.2+7 (19.0.2+7) (build 19.0.2+7)
# Java VM: OpenJDK 64-Bit Server VM Temurin-19.0.2+7 (19.0.2+7, mixed mode, tiered, compressed oops, compressed class ptrs, g1 gc, windows-amd64)
GC Precious Log:
 CardTable entry size: 512
 Card Set container configuration: InlinePtr #cards 5 size 8 Array Of Cards #cards 12 size 40 Howl #buckets 4 coarsen threshold 1843 Howl Bitmap #cards 512 size 80 coarsen threshold 460 Card regions per heap region 1 cards per card region 2048
 CPUs: 8 total, 8 available
 Memory: 8072M
 Large Page Support: Disabled
 NUMA Support: Disabled
 Compressed Oops: Enabled (32-bit)
 Heap Region Size: 1M
 Heap Min Capacity: 8M
 Heap Initial Capacity: 128M
 Heap Max Capacity: 2020M
 Pre-touch: Disabled
 Parallel Workers: 8
 Concurrent Workers: 2
 Concurrent Refinement Workers: 8
 Periodic GC: Disabled
Heap:
 garbage-first heap   total 31744K, used 14289K [0x0000000081c00000, 0x0000000100000000)
  region size 1024K, 5 young (5120K), 2 survivors (2048K)
 Metaspace       used 26425K, committed 26816K, reserved 1114112K
  class space    used 3457K, committed 3648K, reserved 1048576K
GC Heap History (10 events):
Event: 1.114 GC heap before
{Heap before GC invocations=0 (full 0):
 garbage-first heap   total 131072K, used 22528K [0x0000000081c00000, 0x0000000100000000)
  region size 1024K, 23 young (23552K), 0 survivors (0K)
 Metaspace       used 13981K, committed 14208K, reserved 1114112K
  class space    used 1418K, committed 1536K, reserved 1048576K
}
Event: 1.118 GC heap after
{Heap after GC invocations=1 (full 0):
 garbage-first heap   total 131072K, used 3189K [0x0000000081c00000, 0x0000000100000000)
  region size 1024K, 3 young (3072K), 3 survivors (3072K)
 Metaspace       used 13981K, committed 14208K, reserved 1114112K
  class space    used 1418K, committed 1536K, reserved 1048576K
}
Event: 1.966 GC heap before
{Heap before GC invocations=1 (full 0):
 garbage-first heap   total 131072K, used 29813K [0x0000000081c00000, 0x0000000100000000)
  region size 1024K, 30 young (30720K), 3 survivors (3072K)
 Metaspace       used 21195K, committed 21504K, reserved 1114112K
  class space    used 2687K, committed 2880K, reserved 1048576K
}
Event: 1.974 GC heap after
{Heap after GC invocations=2 (full 0):
 garbage-first heap   total 131072K, used 6585K [0x0000000081c00000, 0x0000000100000000)
  region size 1024K, 4 young (4096K), 4 survivors (4096K)
 Metaspace       used 21195K, committed 21504K, reserved 1114112K
  class space    used 2687K, committed 2880K, reserved 1048576K
}
Event: 5.696 GC heap before
{Heap before GC invocations=3 (full 0):
 garbage-first heap   total 30720K, used 22969K [0x0000000081c00000, 0x0000000100000000)
  region size 1024K, 18 young (18432K), 4 survivors (4096K)
 Metaspace       used 24154K, committed 24448K, reserved 1114112K
  class space    used 3181K, committed 3328K, reserved 1048576K
}
Event: 5.704 GC heap after
{Heap after GC invocations=4 (full 0):
 garbage-first heap   total 31744K, used 11355K [0x0000000081c00000, 0x0000000100000000)
  region size 1024K, 3 young (3072K), 3 survivors (3072K)
 Metaspace       used 24154K, committed 24448K, reserved 1114112K
  class space    used 3181K, committed 3328K, reserved 1048576K
}
Event: 6.263 GC heap before
{Heap before GC invocations=4 (full 0):
 garbage-first heap   total 31744K, used 12379K [0x0000000081c00000, 0x0000000100000000)
  region size 1024K, 4 young (4096K), 3 survivors (3072K)
 Metaspace       used 24489K, committed 24768K, reserved 1114112K
  class space    used 3213K, committed 3328K, reserved 1048576K
}
Event: 6.266 GC heap after
{Heap after GC invocations=5 (full 0):
 garbage-first heap   total 31744K, used 12261K [0x0000000081c00000, 0x0000000100000000)
  region size 1024K, 1 young (1024K), 1 survivors (1024K)
 Metaspace       used 24489K, committed 24768K, reserved 1114112K
  class space    used 3213K, committed 3328K, reserved 1048576K
}
Event: 22.910 GC heap before
{Heap before GC invocations=5 (full 0):
 garbage-first heap   total 31744K, used 19429K [0x0000000081c00000, 0x0000000100000000)
  region size 1024K, 9 young (9216K), 1 survivors (1024K)
 Metaspace       used 26099K, committed 26432K, reserved 1114112K
  class space    used 3426K, committed 3584K, reserved 1048576K
}
Event: 22.914 GC heap after
{Heap after GC invocations=6 (full 0):
 garbage-first heap   total 31744K, used 13265K [0x0000000081c00000, 0x0000000100000000)
  region size 1024K, 2 young (2048K), 2 survivors (2048K)
 Metaspace       used 26099K, committed 26432K, reserved 1114112K
  class space    used 3426K, committed 3584K, reserved 1048576K
}

